<?xml version="1.0" encoding="UTF-8"?>
<testsuite name="com.najinji.ohmymoneyserver.web.dto.HelloResponseDtoTest" tests="1" skipped="0" failures="0" errors="0" timestamp="2021-01-29T16:52:20" hostname="LAPTOP-EC7EJ9J5" time="0.004">
  <properties/>
  <testcase name="롬복_기능_테스트" classname="com.najinji.ohmymoneyserver.web.dto.HelloResponseDtoTest" time="0.004"/>
  <system-out><![CDATA[]]></system-out>
  <system-err><![CDATA[]]></system-err>
</testsuite>
