<?xml version="1.0" encoding="UTF-8"?>
<testsuite name="com.najinji.ohmymoneyserver.domain.users.UsersRepositoryTest" tests="1" skipped="0" failures="0" errors="0" timestamp="2021-01-02T06:41:49" hostname="LAPTOP-EC7EJ9J5" time="0.955">
  <properties/>
  <testcase name="BaseTimeEntity_등록" classname="com.najinji.ohmymoneyserver.domain.users.UsersRepositoryTest" time="0.955"/>
  <system-out><![CDATA[15:41:32.988 [Test worker] DEBUG org.springframework.test.context.junit4.SpringJUnit4ClassRunner - SpringJUnit4ClassRunner constructor called with [class com.najinji.ohmymoneyserver.domain.users.UsersRepositoryTest]
15:41:33.005 [Test worker] DEBUG org.springframework.test.context.BootstrapUtils - Instantiating CacheAwareContextLoaderDelegate from class [org.springframework.test.context.cache.DefaultCacheAwareContextLoaderDelegate]
15:41:33.035 [Test worker] DEBUG org.springframework.test.context.BootstrapUtils - Instantiating BootstrapContext using constructor [public org.springframework.test.context.support.DefaultBootstrapContext(java.lang.Class,org.springframework.test.context.CacheAwareContextLoaderDelegate)]
15:41:33.075 [Test worker] DEBUG org.springframework.test.context.BootstrapUtils - Instantiating TestContextBootstrapper for test class [com.najinji.ohmymoneyserver.domain.users.UsersRepositoryTest] from class [org.springframework.boot.test.context.SpringBootTestContextBootstrapper]
15:41:33.112 [Test worker] INFO org.springframework.boot.test.context.SpringBootTestContextBootstrapper - Neither @ContextConfiguration nor @ContextHierarchy found for test class [com.najinji.ohmymoneyserver.domain.users.UsersRepositoryTest], using SpringBootContextLoader
15:41:33.121 [Test worker] DEBUG org.springframework.test.context.support.AbstractContextLoader - Did not detect default resource location for test class [com.najinji.ohmymoneyserver.domain.users.UsersRepositoryTest]: class path resource [com/najinji/ohmymoneyserver/domain/users/UsersRepositoryTest-context.xml] does not exist
15:41:33.122 [Test worker] DEBUG org.springframework.test.context.support.AbstractContextLoader - Did not detect default resource location for test class [com.najinji.ohmymoneyserver.domain.users.UsersRepositoryTest]: class path resource [com/najinji/ohmymoneyserver/domain/users/UsersRepositoryTestContext.groovy] does not exist
15:41:33.123 [Test worker] INFO org.springframework.test.context.support.AbstractContextLoader - Could not detect default resource locations for test class [com.najinji.ohmymoneyserver.domain.users.UsersRepositoryTest]: no resource found for suffixes {-context.xml, Context.groovy}.
15:41:33.124 [Test worker] INFO org.springframework.test.context.support.AnnotationConfigContextLoaderUtils - Could not detect default configuration classes for test class [com.najinji.ohmymoneyserver.domain.users.UsersRepositoryTest]: UsersRepositoryTest does not declare any static, non-private, non-final, nested classes annotated with @Configuration.
15:41:33.237 [Test worker] DEBUG org.springframework.test.context.support.ActiveProfilesUtils - Could not find an 'annotation declaring class' for annotation type [org.springframework.test.context.ActiveProfiles] and class [com.najinji.ohmymoneyserver.domain.users.UsersRepositoryTest]
15:41:33.612 [Test worker] DEBUG org.springframework.context.annotation.ClassPathScanningCandidateComponentProvider - Identified candidate component class: file [C:\Users\bello\git\ohmymoney-server\build\classes\java\main\com\najinji\ohmymoneyserver\OhmymoneyServerApplication.class]
15:41:33.615 [Test worker] INFO org.springframework.boot.test.context.SpringBootTestContextBootstrapper - Found @SpringBootConfiguration com.najinji.ohmymoneyserver.OhmymoneyServerApplication for test class com.najinji.ohmymoneyserver.domain.users.UsersRepositoryTest
15:41:33.899 [Test worker] DEBUG org.springframework.boot.test.context.SpringBootTestContextBootstrapper - @TestExecutionListeners is not present for class [com.najinji.ohmymoneyserver.domain.users.UsersRepositoryTest]: using defaults.
15:41:33.901 [Test worker] INFO org.springframework.boot.test.context.SpringBootTestContextBootstrapper - Loaded default TestExecutionListener class names from location [META-INF/spring.factories]: [org.springframework.boot.test.autoconfigure.restdocs.RestDocsTestExecutionListener, org.springframework.boot.test.autoconfigure.web.client.MockRestServiceServerResetTestExecutionListener, org.springframework.boot.test.autoconfigure.web.servlet.MockMvcPrintOnlyOnFailureTestExecutionListener, org.springframework.boot.test.autoconfigure.web.servlet.WebDriverTestExecutionListener, org.springframework.boot.test.mock.mockito.MockitoTestExecutionListener, org.springframework.boot.test.mock.mockito.ResetMocksTestExecutionListener, org.springframework.test.context.web.ServletTestExecutionListener, org.springframework.test.context.support.DirtiesContextBeforeModesTestExecutionListener, org.springframework.test.context.support.DependencyInjectionTestExecutionListener, org.springframework.test.context.support.DirtiesContextTestExecutionListener, org.springframework.test.context.transaction.TransactionalTestExecutionListener, org.springframework.test.context.jdbc.SqlScriptsTestExecutionListener]
15:41:33.967 [Test worker] INFO org.springframework.boot.test.context.SpringBootTestContextBootstrapper - Using TestExecutionListeners: [org.springframework.test.context.web.ServletTestExecutionListener@344fa66e, org.springframework.test.context.support.DirtiesContextBeforeModesTestExecutionListener@21e9ecc4, org.springframework.boot.test.mock.mockito.MockitoTestExecutionListener@3859d551, org.springframework.boot.test.autoconfigure.SpringBootDependencyInjectionTestExecutionListener@1ff3c4b3, org.springframework.test.context.support.DirtiesContextTestExecutionListener@56c67df5, org.springframework.test.context.transaction.TransactionalTestExecutionListener@38272425, org.springframework.test.context.jdbc.SqlScriptsTestExecutionListener@4ea29d2d, org.springframework.boot.test.autoconfigure.restdocs.RestDocsTestExecutionListener@4f750e16, org.springframework.boot.test.autoconfigure.web.client.MockRestServiceServerResetTestExecutionListener@2ab9ebd8, org.springframework.boot.test.autoconfigure.web.servlet.MockMvcPrintOnlyOnFailureTestExecutionListener@2b3ee4a6, org.springframework.boot.test.autoconfigure.web.servlet.WebDriverTestExecutionListener@71af4f19, org.springframework.boot.test.mock.mockito.ResetMocksTestExecutionListener@16cdfa84]
15:41:33.978 [Test worker] DEBUG org.springframework.test.annotation.ProfileValueUtils - Retrieved @ProfileValueSourceConfiguration [null] for test class [com.najinji.ohmymoneyserver.domain.users.UsersRepositoryTest]
15:41:33.980 [Test worker] DEBUG org.springframework.test.annotation.ProfileValueUtils - Retrieved ProfileValueSource type [class org.springframework.test.annotation.SystemProfileValueSource] for class [com.najinji.ohmymoneyserver.domain.users.UsersRepositoryTest]
15:41:33.993 [Test worker] DEBUG org.springframework.test.annotation.ProfileValueUtils - Retrieved @ProfileValueSourceConfiguration [null] for test class [com.najinji.ohmymoneyserver.domain.users.UsersRepositoryTest]
15:41:33.993 [Test worker] DEBUG org.springframework.test.annotation.ProfileValueUtils - Retrieved ProfileValueSource type [class org.springframework.test.annotation.SystemProfileValueSource] for class [com.najinji.ohmymoneyserver.domain.users.UsersRepositoryTest]
15:41:33.995 [Test worker] DEBUG org.springframework.test.annotation.ProfileValueUtils - Retrieved @ProfileValueSourceConfiguration [null] for test class [com.najinji.ohmymoneyserver.domain.users.UsersRepositoryTest]
15:41:33.995 [Test worker] DEBUG org.springframework.test.annotation.ProfileValueUtils - Retrieved ProfileValueSource type [class org.springframework.test.annotation.SystemProfileValueSource] for class [com.najinji.ohmymoneyserver.domain.users.UsersRepositoryTest]
15:41:34.009 [Test worker] DEBUG org.springframework.test.context.support.AbstractDirtiesContextTestExecutionListener - Before test class: context [DefaultTestContext@66caefe8 testClass = UsersRepositoryTest, testInstance = [null], testMethod = [null], testException = [null], mergedContextConfiguration = [WebMergedContextConfiguration@6b20907e testClass = UsersRepositoryTest, locations = '{}', classes = '{class com.najinji.ohmymoneyserver.OhmymoneyServerApplication}', contextInitializerClasses = '[]', activeProfiles = '{}', propertySourceLocations = '{}', propertySourceProperties = '{org.springframework.boot.test.context.SpringBootTestContextBootstrapper=true}', contextCustomizers = set[org.springframework.boot.test.autoconfigure.properties.PropertyMappingContextCustomizer@0, org.springframework.boot.test.autoconfigure.web.servlet.WebDriverContextCustomizerFactory$Customizer@73791960, org.springframework.boot.test.context.filter.ExcludeFilterContextCustomizer@7f868728, org.springframework.boot.test.json.DuplicateJsonObjectContextCustomizerFactory$DuplicateJsonObjectContextCustomizer@600f4862, org.springframework.boot.test.mock.mockito.MockitoContextCustomizer@0, org.springframework.boot.test.web.client.TestRestTemplateContextCustomizer@33f8aa4a], resourceBasePath = 'src/main/webapp', contextLoader = 'org.springframework.boot.test.context.SpringBootContextLoader', parent = [null]], attributes = map['org.springframework.test.context.web.ServletTestExecutionListener.activateListener' -> true]], class annotated with @DirtiesContext [false] with mode [null].
15:41:34.011 [Test worker] DEBUG org.springframework.test.annotation.ProfileValueUtils - Retrieved @ProfileValueSourceConfiguration [null] for test class [com.najinji.ohmymoneyserver.domain.users.UsersRepositoryTest]
15:41:34.011 [Test worker] DEBUG org.springframework.test.annotation.ProfileValueUtils - Retrieved ProfileValueSource type [class org.springframework.test.annotation.SystemProfileValueSource] for class [com.najinji.ohmymoneyserver.domain.users.UsersRepositoryTest]
15:41:34.086 [Test worker] DEBUG org.springframework.test.context.support.TestPropertySourceUtils - Adding inlined properties to environment: {spring.jmx.enabled=false, org.springframework.boot.test.context.SpringBootTestContextBootstrapper=true, server.port=-1}

  .   ____          _            __ _ _
 /\\ / ___'_ __ _ _(_)_ __  __ _ \ \ \ \
( ( )\___ | '_ | '_| | '_ \/ _` | \ \ \ \
 \\/  ___)| |_)| | | | | || (_| |  ) ) ) )
  '  |____| .__|_| |_|_| |_\__, | / / / /
 =========|_|==============|___/=/_/_/_/
 :: Spring Boot ::        (v2.1.7.RELEASE)

2021-01-02 15:41:34.907  INFO 25420 --- [    Test worker] c.n.o.domain.users.UsersRepositoryTest   : Starting UsersRepositoryTest on LAPTOP-EC7EJ9J5 with PID 25420 (started by bello in C:\Users\bello\git\ohmymoney-server)
2021-01-02 15:41:34.910  INFO 25420 --- [    Test worker] c.n.o.domain.users.UsersRepositoryTest   : No active profile set, falling back to default profiles: default
2021-01-02 15:41:37.331  INFO 25420 --- [    Test worker] .s.d.r.c.RepositoryConfigurationDelegate : Bootstrapping Spring Data repositories in DEFAULT mode.
2021-01-02 15:41:37.689  INFO 25420 --- [    Test worker] .s.d.r.c.RepositoryConfigurationDelegate : Finished Spring Data repository scanning in 336ms. Found 1 repository interfaces.
2021-01-02 15:41:39.185  INFO 25420 --- [    Test worker] trationDelegate$BeanPostProcessorChecker : Bean 'org.springframework.transaction.annotation.ProxyTransactionManagementConfiguration' of type [org.springframework.transaction.annotation.ProxyTransactionManagementConfiguration$$EnhancerBySpringCGLIB$$ede46be6] is not eligible for getting processed by all BeanPostProcessors (for example: not eligible for auto-proxying)
2021-01-02 15:41:39.928  INFO 25420 --- [    Test worker] com.zaxxer.hikari.HikariDataSource       : HikariPool-1 - Starting...
2021-01-02 15:41:40.385  INFO 25420 --- [    Test worker] com.zaxxer.hikari.HikariDataSource       : HikariPool-1 - Start completed.
2021-01-02 15:41:40.615  INFO 25420 --- [    Test worker] o.hibernate.jpa.internal.util.LogHelper  : HHH000204: Processing PersistenceUnitInfo [
	name: default
	...]
2021-01-02 15:41:40.857  INFO 25420 --- [    Test worker] org.hibernate.Version                    : HHH000412: Hibernate Core {5.3.10.Final}
2021-01-02 15:41:40.861  INFO 25420 --- [    Test worker] org.hibernate.cfg.Environment            : HHH000206: hibernate.properties not found
2021-01-02 15:41:41.314  INFO 25420 --- [    Test worker] o.hibernate.annotations.common.Version   : HCANN000001: Hibernate Commons Annotations {5.0.4.Final}
2021-01-02 15:41:41.897  INFO 25420 --- [    Test worker] org.hibernate.dialect.Dialect            : HHH000400: Using dialect: org.hibernate.dialect.MySQL5InnoDBDialect
Hibernate: drop table if exists users
Hibernate: create table users (id bigint not null auto_increment, created_date datetime, modified_date datetime, age integer, gender integer, loginname varchar(255) not null, name TEXT not null, password varchar(255) not null, primary key (id)) engine=InnoDB
2021-01-02 15:41:44.002  INFO 25420 --- [    Test worker] o.h.t.schema.internal.SchemaCreatorImpl  : HHH000476: Executing import script 'org.hibernate.tool.schema.internal.exec.ScriptSourceInputNonExistentImpl@784f398e'
2021-01-02 15:41:44.010  INFO 25420 --- [    Test worker] j.LocalContainerEntityManagerFactoryBean : Initialized JPA EntityManagerFactory for persistence unit 'default'
2021-01-02 15:41:47.104  INFO 25420 --- [    Test worker] o.s.s.concurrent.ThreadPoolTaskExecutor  : Initializing ExecutorService 'applicationTaskExecutor'
2021-01-02 15:41:47.237  WARN 25420 --- [    Test worker] aWebConfiguration$JpaWebMvcConfiguration : spring.jpa.open-in-view is enabled by default. Therefore, database queries may be performed during view rendering. Explicitly configure spring.jpa.open-in-view to disable this warning
2021-01-02 15:41:49.369  INFO 25420 --- [    Test worker] o.s.b.a.e.web.EndpointLinksResolver      : Exposing 2 endpoint(s) beneath base path '/actuator'
2021-01-02 15:41:49.542  INFO 25420 --- [    Test worker] c.n.o.domain.users.UsersRepositoryTest   : Started UsersRepositoryTest in 15.404 seconds (JVM running for 20.494)
Hibernate: insert into users (created_date, modified_date, age, gender, loginname, name, password) values (?, ?, ?, ?, ?, ?, ?)
2021-01-02 15:41:50.071  INFO 25420 --- [    Test worker] o.h.h.i.QueryTranslatorFactoryInitiator  : HHH000397: Using ASTQueryTranslatorFactory
Hibernate: select users0_.id as id1_0_, users0_.created_date as created_2_0_, users0_.modified_date as modified3_0_, users0_.age as age4_0_, users0_.gender as gender5_0_, users0_.loginname as loginnam6_0_, users0_.name as name7_0_, users0_.password as password8_0_ from users users0_
>>>>>>>>> createdDate=2021-01-02T15:41:49.879, modifiedDate=2021-01-02T15:41:49.879
Hibernate: select users0_.id as id1_0_, users0_.created_date as created_2_0_, users0_.modified_date as modified3_0_, users0_.age as age4_0_, users0_.gender as gender5_0_, users0_.loginname as loginnam6_0_, users0_.name as name7_0_, users0_.password as password8_0_ from users users0_
Hibernate: delete from users where id=?
]]></system-out>
  <system-err><![CDATA[]]></system-err>
</testsuite>
