<?xml version="1.0" encoding="UTF-8"?>
<testsuite name="com.najinji.ohmymoneyserver.domain.users.BasicTest" tests="1" skipped="0" failures="0" errors="0" timestamp="2021-01-06T03:33:56" hostname="LAPTOP-EC7EJ9J5" time="0.994">
  <properties/>
  <testcase name="querydsl_기본_기능_확인" classname="com.najinji.ohmymoneyserver.domain.users.BasicTest" time="0.994"/>
  <system-out><![CDATA[12:33:44.522 [Test worker] DEBUG org.springframework.test.context.junit4.SpringJUnit4ClassRunner - SpringJUnit4ClassRunner constructor called with [class com.najinji.ohmymoneyserver.domain.users.BasicTest]
12:33:44.532 [Test worker] DEBUG org.springframework.test.context.BootstrapUtils - Instantiating CacheAwareContextLoaderDelegate from class [org.springframework.test.context.cache.DefaultCacheAwareContextLoaderDelegate]
12:33:44.543 [Test worker] DEBUG org.springframework.test.context.BootstrapUtils - Instantiating BootstrapContext using constructor [public org.springframework.test.context.support.DefaultBootstrapContext(java.lang.Class,org.springframework.test.context.CacheAwareContextLoaderDelegate)]
12:33:44.564 [Test worker] DEBUG org.springframework.test.context.BootstrapUtils - Instantiating TestContextBootstrapper for test class [com.najinji.ohmymoneyserver.domain.users.BasicTest] from class [org.springframework.boot.test.context.SpringBootTestContextBootstrapper]
12:33:44.583 [Test worker] INFO org.springframework.boot.test.context.SpringBootTestContextBootstrapper - Neither @ContextConfiguration nor @ContextHierarchy found for test class [com.najinji.ohmymoneyserver.domain.users.BasicTest], using SpringBootContextLoader
12:33:44.587 [Test worker] DEBUG org.springframework.test.context.support.AbstractContextLoader - Did not detect default resource location for test class [com.najinji.ohmymoneyserver.domain.users.BasicTest]: class path resource [com/najinji/ohmymoneyserver/domain/users/BasicTest-context.xml] does not exist
12:33:44.588 [Test worker] DEBUG org.springframework.test.context.support.AbstractContextLoader - Did not detect default resource location for test class [com.najinji.ohmymoneyserver.domain.users.BasicTest]: class path resource [com/najinji/ohmymoneyserver/domain/users/BasicTestContext.groovy] does not exist
12:33:44.589 [Test worker] INFO org.springframework.test.context.support.AbstractContextLoader - Could not detect default resource locations for test class [com.najinji.ohmymoneyserver.domain.users.BasicTest]: no resource found for suffixes {-context.xml, Context.groovy}.
12:33:44.590 [Test worker] INFO org.springframework.test.context.support.AnnotationConfigContextLoaderUtils - Could not detect default configuration classes for test class [com.najinji.ohmymoneyserver.domain.users.BasicTest]: BasicTest does not declare any static, non-private, non-final, nested classes annotated with @Configuration.
12:33:44.647 [Test worker] DEBUG org.springframework.test.context.support.ActiveProfilesUtils - Could not find an 'annotation declaring class' for annotation type [org.springframework.test.context.ActiveProfiles] and class [com.najinji.ohmymoneyserver.domain.users.BasicTest]
12:33:44.762 [Test worker] DEBUG org.springframework.context.annotation.ClassPathScanningCandidateComponentProvider - Identified candidate component class: file [C:\Users\bello\git\ohmymoney-server\build\classes\java\main\com\najinji\ohmymoneyserver\OhmymoneyServerApplication.class]
12:33:44.764 [Test worker] INFO org.springframework.boot.test.context.SpringBootTestContextBootstrapper - Found @SpringBootConfiguration com.najinji.ohmymoneyserver.OhmymoneyServerApplication for test class com.najinji.ohmymoneyserver.domain.users.BasicTest
12:33:44.903 [Test worker] DEBUG org.springframework.boot.test.context.SpringBootTestContextBootstrapper - @TestExecutionListeners is not present for class [com.najinji.ohmymoneyserver.domain.users.BasicTest]: using defaults.
12:33:44.904 [Test worker] INFO org.springframework.boot.test.context.SpringBootTestContextBootstrapper - Loaded default TestExecutionListener class names from location [META-INF/spring.factories]: [org.springframework.boot.test.autoconfigure.restdocs.RestDocsTestExecutionListener, org.springframework.boot.test.autoconfigure.web.client.MockRestServiceServerResetTestExecutionListener, org.springframework.boot.test.autoconfigure.web.servlet.MockMvcPrintOnlyOnFailureTestExecutionListener, org.springframework.boot.test.autoconfigure.web.servlet.WebDriverTestExecutionListener, org.springframework.boot.test.mock.mockito.MockitoTestExecutionListener, org.springframework.boot.test.mock.mockito.ResetMocksTestExecutionListener, org.springframework.test.context.web.ServletTestExecutionListener, org.springframework.test.context.support.DirtiesContextBeforeModesTestExecutionListener, org.springframework.test.context.support.DependencyInjectionTestExecutionListener, org.springframework.test.context.support.DirtiesContextTestExecutionListener, org.springframework.test.context.transaction.TransactionalTestExecutionListener, org.springframework.test.context.jdbc.SqlScriptsTestExecutionListener]
12:33:44.933 [Test worker] INFO org.springframework.boot.test.context.SpringBootTestContextBootstrapper - Using TestExecutionListeners: [org.springframework.test.context.web.ServletTestExecutionListener@1ec2d6ce, org.springframework.test.context.support.DirtiesContextBeforeModesTestExecutionListener@50725d3f, org.springframework.boot.test.mock.mockito.MockitoTestExecutionListener@11d6f687, org.springframework.boot.test.autoconfigure.SpringBootDependencyInjectionTestExecutionListener@44aa61cd, org.springframework.test.context.support.DirtiesContextTestExecutionListener@4cd6bb30, org.springframework.test.context.transaction.TransactionalTestExecutionListener@e0f8c30, org.springframework.test.context.jdbc.SqlScriptsTestExecutionListener@28cb21b8, org.springframework.boot.test.autoconfigure.restdocs.RestDocsTestExecutionListener@3f789965, org.springframework.boot.test.autoconfigure.web.client.MockRestServiceServerResetTestExecutionListener@468eba81, org.springframework.boot.test.autoconfigure.web.servlet.MockMvcPrintOnlyOnFailureTestExecutionListener@3492d06c, org.springframework.boot.test.autoconfigure.web.servlet.WebDriverTestExecutionListener@45a5f1a7, org.springframework.boot.test.mock.mockito.ResetMocksTestExecutionListener@3e6debc7]
12:33:44.937 [Test worker] DEBUG org.springframework.test.annotation.ProfileValueUtils - Retrieved @ProfileValueSourceConfiguration [null] for test class [com.najinji.ohmymoneyserver.domain.users.BasicTest]
12:33:44.938 [Test worker] DEBUG org.springframework.test.annotation.ProfileValueUtils - Retrieved ProfileValueSource type [class org.springframework.test.annotation.SystemProfileValueSource] for class [com.najinji.ohmymoneyserver.domain.users.BasicTest]
12:33:44.941 [Test worker] DEBUG org.springframework.test.annotation.ProfileValueUtils - Retrieved @ProfileValueSourceConfiguration [null] for test class [com.najinji.ohmymoneyserver.domain.users.BasicTest]
12:33:44.942 [Test worker] DEBUG org.springframework.test.annotation.ProfileValueUtils - Retrieved ProfileValueSource type [class org.springframework.test.annotation.SystemProfileValueSource] for class [com.najinji.ohmymoneyserver.domain.users.BasicTest]
12:33:44.943 [Test worker] DEBUG org.springframework.test.annotation.ProfileValueUtils - Retrieved @ProfileValueSourceConfiguration [null] for test class [com.najinji.ohmymoneyserver.domain.users.BasicTest]
12:33:44.943 [Test worker] DEBUG org.springframework.test.annotation.ProfileValueUtils - Retrieved ProfileValueSource type [class org.springframework.test.annotation.SystemProfileValueSource] for class [com.najinji.ohmymoneyserver.domain.users.BasicTest]
12:33:44.949 [Test worker] DEBUG org.springframework.test.context.support.AbstractDirtiesContextTestExecutionListener - Before test class: context [DefaultTestContext@68cb4fed testClass = BasicTest, testInstance = [null], testMethod = [null], testException = [null], mergedContextConfiguration = [WebMergedContextConfiguration@4fbbe62c testClass = BasicTest, locations = '{}', classes = '{class com.najinji.ohmymoneyserver.OhmymoneyServerApplication}', contextInitializerClasses = '[]', activeProfiles = '{}', propertySourceLocations = '{}', propertySourceProperties = '{org.springframework.boot.test.context.SpringBootTestContextBootstrapper=true}', contextCustomizers = set[org.springframework.boot.test.autoconfigure.properties.PropertyMappingContextCustomizer@0, org.springframework.boot.test.autoconfigure.web.servlet.WebDriverContextCustomizerFactory$Customizer@5816a33, org.springframework.boot.test.context.filter.ExcludeFilterContextCustomizer@6cfa2c9b, org.springframework.boot.test.json.DuplicateJsonObjectContextCustomizerFactory$DuplicateJsonObjectContextCustomizer@63b30819, org.springframework.boot.test.mock.mockito.MockitoContextCustomizer@0, org.springframework.boot.test.web.client.TestRestTemplateContextCustomizer@6a9a58c5], resourceBasePath = 'src/main/webapp', contextLoader = 'org.springframework.boot.test.context.SpringBootContextLoader', parent = [null]], attributes = map['org.springframework.test.context.web.ServletTestExecutionListener.activateListener' -> true]], class annotated with @DirtiesContext [false] with mode [null].
12:33:44.949 [Test worker] DEBUG org.springframework.test.annotation.ProfileValueUtils - Retrieved @ProfileValueSourceConfiguration [null] for test class [com.najinji.ohmymoneyserver.domain.users.BasicTest]
12:33:44.950 [Test worker] DEBUG org.springframework.test.annotation.ProfileValueUtils - Retrieved ProfileValueSource type [class org.springframework.test.annotation.SystemProfileValueSource] for class [com.najinji.ohmymoneyserver.domain.users.BasicTest]
12:33:44.976 [Test worker] DEBUG org.springframework.test.context.support.TestPropertySourceUtils - Adding inlined properties to environment: {spring.jmx.enabled=false, org.springframework.boot.test.context.SpringBootTestContextBootstrapper=true, server.port=-1}

  .   ____          _            __ _ _
 /\\ / ___'_ __ _ _(_)_ __  __ _ \ \ \ \
( ( )\___ | '_ | '_| | '_ \/ _` | \ \ \ \
 \\/  ___)| |_)| | | | | || (_| |  ) ) ) )
  '  |____| .__|_| |_|_| |_\__, | / / / /
 =========|_|==============|___/=/_/_/_/
 :: Spring Boot ::        (v2.1.7.RELEASE)

2021-01-06 12:33:45.389  INFO 15396 --- [    Test worker] c.n.o.domain.users.BasicTest             : Starting BasicTest on LAPTOP-EC7EJ9J5 with PID 15396 (started by bello in C:\Users\bello\git\ohmymoney-server)
2021-01-06 12:33:45.390  INFO 15396 --- [    Test worker] c.n.o.domain.users.BasicTest             : The following profiles are active: oauth,mysql
2021-01-06 12:33:46.911  INFO 15396 --- [    Test worker] .s.d.r.c.RepositoryConfigurationDelegate : Bootstrapping Spring Data repositories in DEFAULT mode.
2021-01-06 12:33:47.060  INFO 15396 --- [    Test worker] .s.d.r.c.RepositoryConfigurationDelegate : Finished Spring Data repository scanning in 140ms. Found 3 repository interfaces.
2021-01-06 12:33:47.709  INFO 15396 --- [    Test worker] trationDelegate$BeanPostProcessorChecker : Bean 'org.springframework.transaction.annotation.ProxyTransactionManagementConfiguration' of type [org.springframework.transaction.annotation.ProxyTransactionManagementConfiguration$$EnhancerBySpringCGLIB$$6e4511b1] is not eligible for getting processed by all BeanPostProcessors (for example: not eligible for auto-proxying)
2021-01-06 12:33:48.164  INFO 15396 --- [    Test worker] o.hibernate.jpa.internal.util.LogHelper  : HHH000204: Processing PersistenceUnitInfo [
	name: default
	...]
2021-01-06 12:33:48.298  INFO 15396 --- [    Test worker] org.hibernate.Version                    : HHH000412: Hibernate Core {5.3.10.Final}
2021-01-06 12:33:48.300  INFO 15396 --- [    Test worker] org.hibernate.cfg.Environment            : HHH000206: hibernate.properties not found
2021-01-06 12:33:48.563  INFO 15396 --- [    Test worker] o.hibernate.annotations.common.Version   : HCANN000001: Hibernate Commons Annotations {5.0.4.Final}
2021-01-06 12:33:48.835  INFO 15396 --- [    Test worker] com.zaxxer.hikari.HikariDataSource       : HikariPool-1 - Starting...
2021-01-06 12:33:49.046  INFO 15396 --- [    Test worker] com.zaxxer.hikari.HikariDataSource       : HikariPool-1 - Start completed.
2021-01-06 12:33:49.072  INFO 15396 --- [    Test worker] org.hibernate.dialect.Dialect            : HHH000400: Using dialect: org.hibernate.dialect.MySQL5InnoDBDialect
2021-01-06 12:33:50.327  INFO 15396 --- [    Test worker] j.LocalContainerEntityManagerFactoryBean : Initialized JPA EntityManagerFactory for persistence unit 'default'
2021-01-06 12:33:52.976  INFO 15396 --- [    Test worker] o.s.s.web.DefaultSecurityFilterChain     : Creating filter chain: any request, [org.springframework.security.web.context.request.async.WebAsyncManagerIntegrationFilter@68f6b6e3, org.springframework.security.web.context.SecurityContextPersistenceFilter@623d38a4, org.springframework.security.web.header.HeaderWriterFilter@4e9ccfb1, org.springframework.security.web.authentication.logout.LogoutFilter@4eafbda4, org.springframework.security.oauth2.client.web.OAuth2AuthorizationRequestRedirectFilter@441aab91, org.springframework.security.oauth2.client.web.OAuth2LoginAuthenticationFilter@63c32165, org.springframework.security.web.authentication.ui.DefaultLoginPageGeneratingFilter@20b01c8c, org.springframework.security.web.authentication.ui.DefaultLogoutPageGeneratingFilter@667bc098, org.springframework.security.web.savedrequest.RequestCacheAwareFilter@6cff32e5, org.springframework.security.web.servletapi.SecurityContextHolderAwareRequestFilter@69e469f3, org.springframework.security.web.authentication.AnonymousAuthenticationFilter@313a970b, org.springframework.security.web.session.SessionManagementFilter@608ff3ed, org.springframework.security.web.access.ExceptionTranslationFilter@5eb5dd56, org.springframework.security.web.access.intercept.FilterSecurityInterceptor@107b9e32]
2021-01-06 12:33:54.188  INFO 15396 --- [    Test worker] o.s.s.concurrent.ThreadPoolTaskExecutor  : Initializing ExecutorService 'applicationTaskExecutor'
2021-01-06 12:33:54.349  WARN 15396 --- [    Test worker] aWebConfiguration$JpaWebMvcConfiguration : spring.jpa.open-in-view is enabled by default. Therefore, database queries may be performed during view rendering. Explicitly configure spring.jpa.open-in-view to disable this warning
2021-01-06 12:33:56.173  INFO 15396 --- [    Test worker] o.s.b.a.e.web.EndpointLinksResolver      : Exposing 2 endpoint(s) beneath base path '/actuator'
2021-01-06 12:33:56.467  INFO 15396 --- [    Test worker] c.n.o.domain.users.BasicTest             : Started BasicTest in 11.48 seconds (JVM running for 13.7)
Hibernate: insert into users (created_date, modified_date, age, gender, loginname, name, password) values (?, ?, ?, ?, ?, ?, ?)
2021-01-06 12:33:57.076  INFO 15396 --- [    Test worker] o.h.h.i.QueryTranslatorFactoryInitiator  : HHH000397: Using ASTQueryTranslatorFactory
Hibernate: select users0_.id as id1_2_, users0_.created_date as created_2_2_, users0_.modified_date as modified3_2_, users0_.age as age4_2_, users0_.gender as gender5_2_, users0_.loginname as loginnam6_2_, users0_.name as name7_2_, users0_.password as password8_2_ from users users0_ where users0_.name=?
Hibernate: delete from users
]]></system-out>
  <system-err><![CDATA[]]></system-err>
</testsuite>
